Using pre-set license
Built from '2020.3/staging' branch; Version is '2020.3.16f1 (049d6eca3c44) revision 302446'; Using compiler version '192528614'; Build Type 'Release'
OS: 'Windows 10 Pro; OS build 18362.1256; Version 1903; 64bit' Language: 'en' Physical Memory: 8124 MB
BatchMode: 1, IsHumanControllingUs: 0, StartBugReporterOnCrash: 0, Is64bit: 1, IsPro: 0

 COMMAND LINE ARGUMENTS:
D:\Unity\Hub space\2020.3.16f1\Editor\Unity.exe
-adb2
-batchMode
-noUpm
-name
AssetImportWorker1
-projectPath
D:/GIBHOUSE/Unity/TerritorialDefends
-logFile
Logs/AssetImportWorker1.log
-srvPort
59050
Successfully changed project path to: D:/GIBHOUSE/Unity/TerritorialDefends
D:/GIBHOUSE/Unity/TerritorialDefends
Using Asset Import Pipeline V2.
Refreshing native plugins compatible for Editor in 30.63 ms, found 2 plugins.
Preloading 0 native plugins for Editor in 0.00 ms.
Initialize engine version: 2020.3.16f1 (049d6eca3c44)
[Subsystems] Discovering subsystems at path D:/Unity/Hub space/2020.3.16f1/Editor/Data/Resources/UnitySubsystems
[Subsystems] Discovering subsystems at path D:/GIBHOUSE/Unity/TerritorialDefends/Assets
GfxDevice: creating device client; threaded=0
Direct3D:
    Version:  Direct3D 11.0 [level 11.1]
    Renderer: NVIDIA GeForce GTX 1650 (ID=0x1f82)
    Vendor:   
    VRAM:     3962 MB
    Driver:   26.21.14.3200
Initialize mono
Mono path[0] = 'D:/Unity/Hub space/2020.3.16f1/Editor/Data/Managed'
Mono path[1] = 'D:/Unity/Hub space/2020.3.16f1/Editor/Data/MonoBleedingEdge/lib/mono/unityjit'
Mono config path = 'D:/Unity/Hub space/2020.3.16f1/Editor/Data/MonoBleedingEdge/etc'
Using monoOptions --debugger-agent=transport=dt_socket,embedding=1,server=y,suspend=n,address=127.0.0.1:56504
Begin MonoManager ReloadAssembly
Registering precompiled unity dll's ...
Register platform support module: D:/Unity/Hub space/2020.3.16f1/Editor/Data/PlaybackEngines/WebGLSupport/UnityEditor.WebGL.Extensions.dll
Register platform support module: D:/Unity/Hub space/2020.3.16f1/Editor/Data/PlaybackEngines/WindowsStandaloneSupport/UnityEditor.WindowsStandalone.Extensions.dll
Registered in 0.001094 seconds.
Native extension for WindowsStandalone target not found
Native extension for WebGL target not found
Refreshing native plugins compatible for Editor in 29.46 ms, found 2 plugins.
Preloading 0 native plugins for Editor in 0.00 ms.
Mono: successfully reloaded assembly
- Completed reload, in  0.919 seconds
Domain Reload Profiling:
	ReloadAssembly (919ms)
		BeginReloadAssembly (46ms)
			ExecutionOrderSort (0ms)
			DisableScriptedObjects (0ms)
			BackupInstance (0ms)
			ReleaseScriptingObjects (0ms)
			CreateAndSetChildDomain (1ms)
		EndReloadAssembly (401ms)
			LoadAssemblies (45ms)
			RebuildTransferFunctionScriptingTraits (0ms)
			SetupTypeCache (146ms)
			ReleaseScriptCaches (0ms)
			RebuildScriptCaches (29ms)
			SetupLoadedEditorAssemblies (162ms)
				LogAssemblyErrors (0ms)
				InitializePlatformSupportModulesInManaged (4ms)
				SetLoadedEditorAssemblies (0ms)
				RefreshPlugins (30ms)
				BeforeProcessingInitializeOnLoad (17ms)
				ProcessInitializeOnLoadAttributes (84ms)
				ProcessInitializeOnLoadMethodAttributes (26ms)
				AfterProcessingInitializeOnLoad (0ms)
				EditorAssembliesLoaded (0ms)
			ExecutionOrderSort2 (0ms)
			AwakeInstancesAfterBackupRestoration (0ms)
Platform modules already initialized, skipping
Registering precompiled user dll's ...
Registered in 0.002558 seconds.
Begin MonoManager ReloadAssembly
Native extension for WindowsStandalone target not found
Native extension for WebGL target not found
Refreshing native plugins compatible for Editor in 0.31 ms, found 2 plugins.
Preloading 0 native plugins for Editor in 0.00 ms.
Mono: successfully reloaded assembly
- Completed reload, in  1.027 seconds
Domain Reload Profiling:
	ReloadAssembly (1028ms)
		BeginReloadAssembly (132ms)
			ExecutionOrderSort (0ms)
			DisableScriptedObjects (4ms)
			BackupInstance (0ms)
			ReleaseScriptingObjects (0ms)
			CreateAndSetChildDomain (17ms)
		EndReloadAssembly (841ms)
			LoadAssemblies (103ms)
			RebuildTransferFunctionScriptingTraits (0ms)
			SetupTypeCache (261ms)
			ReleaseScriptCaches (0ms)
			RebuildScriptCaches (45ms)
			SetupLoadedEditorAssemblies (339ms)
				LogAssemblyErrors (0ms)
				InitializePlatformSupportModulesInManaged (5ms)
				SetLoadedEditorAssemblies (1ms)
				RefreshPlugins (0ms)
				BeforeProcessingInitializeOnLoad (66ms)
				ProcessInitializeOnLoadAttributes (261ms)
				ProcessInitializeOnLoadMethodAttributes (3ms)
				AfterProcessingInitializeOnLoad (2ms)
				EditorAssembliesLoaded (0ms)
			ExecutionOrderSort2 (0ms)
			AwakeInstancesAfterBackupRestoration (6ms)
Platform modules already initialized, skipping
========================================================================
Worker process is ready to serve import requests
Launched and connected shader compiler UnityShaderCompiler.exe after 0.15 seconds
Refreshing native plugins compatible for Editor in 0.98 ms, found 2 plugins.
Preloading 0 native plugins for Editor in 0.00 ms.
Unloading 1479 Unused Serialized files (Serialized files now loaded: 0)
System memory in use before: 90.0 MB.
System memory in use after: 90.0 MB.

Unloading 18 unused Assets to reduce memory usage. Loaded Objects now: 1934.
Total: 4.590800 ms (FindLiveObjects: 0.209200 ms CreateObjectMapping: 0.074400 ms MarkObjects: 4.184200 ms  DeleteObjects: 0.121700 ms)

AssetImportParameters requested are different than current active one (requested -> active):
  custom:framework-win-MediaFoundation: 216162199b28c13a410421893ffa2e32 -> 
  custom:video-decoder-ogg-theora: a1e56fd34408186e4bbccfd4996cb3dc -> 
  custom:container-muxer-webm: aa71ff27fc2769a1b78a27578f13a17b -> 
  custom:container-demuxer-webm: 4f35f7cbe854078d1ac9338744f61a02 -> 
  custom:container-demuxer-ogg: 62fdf1f143b41e24485cea50d1cbac27 -> 
  custom:video-encoder-webm-vp8: eb34c28f22e8b96e1ab97ce403110664 -> 
  custom:video-decoder-webm-vp8: 9c59270c3fd7afecdb556c50c9e8de78 -> 
  custom:audio-decoder-ogg-vorbis: bf7c407c2cedff20999df2af8eb42d56 -> 
  custom:audio-encoder-webm-vorbis: bf7c407c2cedff20999df2af8eb42d56 -> 
========================================================================
Received Import Request.
  path: Assets/Prefab/SuperEnemy.prefab
  artifactKey: Guid(d2431f4588b66344aa269b83238a8579) Importer(815301076,1909f56bfc062723c751e8b465ee728b)
Start importing Assets/Prefab/SuperEnemy.prefab using Guid(d2431f4588b66344aa269b83238a8579) Importer(815301076,1909f56bfc062723c751e8b465ee728b)  -> (artifact id: '2a63ad5cdc603f5534ac051fb2b6c960') in 0.322985 seconds 
  Import took 0.337049 seconds .

========================================================================
Received Import Request.
  Time since last request: 0.000403 seconds.
  path: Assets/Prefab/Player.prefab
  artifactKey: Guid(6ed0031dc36a39a4b97c585ce468a1a4) Importer(815301076,1909f56bfc062723c751e8b465ee728b)
Start importing Assets/Prefab/Player.prefab using Guid(6ed0031dc36a39a4b97c585ce468a1a4) Importer(815301076,1909f56bfc062723c751e8b465ee728b)  -> (artifact id: '9f811a3721c018c8f4e3d111dff8e759') in 0.065688 seconds 
  Import took 0.103560 seconds .

========================================================================
Received Import Request.
  Time since last request: 0.000210 seconds.
  path: Assets/Prefab/Enemy.prefab
  artifactKey: Guid(23a8b179b5235254fb1b5a0c2ec67b5e) Importer(815301076,1909f56bfc062723c751e8b465ee728b)
Start importing Assets/Prefab/Enemy.prefab using Guid(23a8b179b5235254fb1b5a0c2ec67b5e) Importer(815301076,1909f56bfc062723c751e8b465ee728b)  -> (artifact id: '8eb037baf44c84b6854753433dc27edc') in 0.022453 seconds 
  Import took 0.038174 seconds .

========================================================================
Received Import Request.
  Time since last request: 0.000218 seconds.
  path: Assets/Prefab/Stalker.prefab
  artifactKey: Guid(fafc765e7a2da5c408f6ae367dab661a) Importer(815301076,1909f56bfc062723c751e8b465ee728b)
Start importing Assets/Prefab/Stalker.prefab using Guid(fafc765e7a2da5c408f6ae367dab661a) Importer(815301076,1909f56bfc062723c751e8b465ee728b)  -> (artifact id: 'fe8f500652df14cd60bbde975f722217') in 0.030967 seconds 
  Import took 0.033996 seconds .

========================================================================
Received Import Request.
  Time since last request: 1.407195 seconds.
  path: Assets/Prefab/SuperEnemy.prefab
  artifactKey: Guid(d2431f4588b66344aa269b83238a8579) Importer(815301076,1909f56bfc062723c751e8b465ee728b)
Start importing Assets/Prefab/SuperEnemy.prefab using Guid(d2431f4588b66344aa269b83238a8579) Importer(815301076,1909f56bfc062723c751e8b465ee728b)  -> (artifact id: '7fdd25148d5cc7b56f70d1a773f6c3a0') in 0.010158 seconds 
  Import took 0.023608 seconds .

========================================================================
Received Import Request.
  Time since last request: 3.426841 seconds.
  path: Assets/Prefab/SuperEnemy.prefab
  artifactKey: Guid(d2431f4588b66344aa269b83238a8579) Importer(815301076,1909f56bfc062723c751e8b465ee728b)
Start importing Assets/Prefab/SuperEnemy.prefab using Guid(d2431f4588b66344aa269b83238a8579) Importer(815301076,1909f56bfc062723c751e8b465ee728b)  -> (artifact id: 'cc7c1c827108c455898c4d30cdd606ce') in 0.013131 seconds 
  Import took 0.040542 seconds .

========================================================================
Received Prepare
Registering precompiled user dll's ...
Registered in 0.002713 seconds.
Begin MonoManager ReloadAssembly
Native extension for WindowsStandalone target not found
Native extension for WebGL target not found
Refreshing native plugins compatible for Editor in 0.36 ms, found 2 plugins.
Preloading 0 native plugins for Editor in 0.00 ms.
Mono: successfully reloaded assembly
- Completed reload, in  0.998 seconds
Domain Reload Profiling:
	ReloadAssembly (998ms)
		BeginReloadAssembly (100ms)
			ExecutionOrderSort (0ms)
			DisableScriptedObjects (4ms)
			BackupInstance (0ms)
			ReleaseScriptingObjects (0ms)
			CreateAndSetChildDomain (35ms)
		EndReloadAssembly (845ms)
			LoadAssemblies (77ms)
			RebuildTransferFunctionScriptingTraits (0ms)
			SetupTypeCache (301ms)
			ReleaseScriptCaches (1ms)
			RebuildScriptCaches (37ms)
			SetupLoadedEditorAssemblies (337ms)
				LogAssemblyErrors (0ms)
				InitializePlatformSupportModulesInManaged (5ms)
				SetLoadedEditorAssemblies (0ms)
				RefreshPlugins (0ms)
				BeforeProcessingInitializeOnLoad (59ms)
				ProcessInitializeOnLoadAttributes (267ms)
				ProcessInitializeOnLoadMethodAttributes (3ms)
				AfterProcessingInitializeOnLoad (2ms)
				EditorAssembliesLoaded (0ms)
			ExecutionOrderSort2 (0ms)
			AwakeInstancesAfterBackupRestoration (7ms)
Platform modules already initialized, skipping
Refreshing native plugins compatible for Editor in 0.62 ms, found 2 plugins.
Preloading 0 native plugins for Editor in 0.00 ms.
Unloading 1460 Unused Serialized files (Serialized files now loaded: 0)
System memory in use before: 91.9 MB.
System memory in use after: 92.0 MB.

Unloading 14 unused Assets to reduce memory usage. Loaded Objects now: 1947.
Total: 3.599000 ms (FindLiveObjects: 0.185900 ms CreateObjectMapping: 0.053800 ms MarkObjects: 3.332100 ms  DeleteObjects: 0.025700 ms)

AssetImportParameters requested are different than current active one (requested -> active):
  custom:framework-win-MediaFoundation: 216162199b28c13a410421893ffa2e32 -> 
  custom:video-decoder-ogg-theora: a1e56fd34408186e4bbccfd4996cb3dc -> 
  custom:container-muxer-webm: aa71ff27fc2769a1b78a27578f13a17b -> 
  custom:container-demuxer-webm: 4f35f7cbe854078d1ac9338744f61a02 -> 
  custom:container-demuxer-ogg: 62fdf1f143b41e24485cea50d1cbac27 -> 
  custom:video-encoder-webm-vp8: eb34c28f22e8b96e1ab97ce403110664 -> 
  custom:video-decoder-webm-vp8: 9c59270c3fd7afecdb556c50c9e8de78 -> 
  custom:audio-decoder-ogg-vorbis: bf7c407c2cedff20999df2af8eb42d56 -> 
  custom:audio-encoder-webm-vorbis: bf7c407c2cedff20999df2af8eb42d56 -> 
========================================================================
Received Prepare
Refreshing native plugins compatible for Editor in 2.07 ms, found 2 plugins.
Preloading 0 native plugins for Editor in 0.00 ms.
Unloading 11 Unused Serialized files (Serialized files now loaded: 0)
System memory in use before: 63.2 MB.
System memory in use after: 63.3 MB.

Unloading 11 unused Assets to reduce memory usage. Loaded Objects now: 1947.
Total: 3.018800 ms (FindLiveObjects: 0.142000 ms CreateObjectMapping: 0.044500 ms MarkObjects: 2.817200 ms  DeleteObjects: 0.013800 ms)

AssetImportParameters requested are different than current active one (requested -> active):
  custom:framework-win-MediaFoundation: 216162199b28c13a410421893ffa2e32 -> 
  custom:video-decoder-ogg-theora: a1e56fd34408186e4bbccfd4996cb3dc -> 
  custom:container-muxer-webm: aa71ff27fc2769a1b78a27578f13a17b -> 
  custom:container-demuxer-webm: 4f35f7cbe854078d1ac9338744f61a02 -> 
  custom:container-demuxer-ogg: 62fdf1f143b41e24485cea50d1cbac27 -> 
  custom:video-encoder-webm-vp8: eb34c28f22e8b96e1ab97ce403110664 -> 
  custom:video-decoder-webm-vp8: 9c59270c3fd7afecdb556c50c9e8de78 -> 
  custom:audio-decoder-ogg-vorbis: bf7c407c2cedff20999df2af8eb42d56 -> 
  custom:audio-encoder-webm-vorbis: bf7c407c2cedff20999df2af8eb42d56 -> 
========================================================================
Received Import Request.
  Time since last request: 1453.686408 seconds.
  path: Assets/Prefab/Player.prefab
  artifactKey: Guid(6ed0031dc36a39a4b97c585ce468a1a4) Importer(815301076,1909f56bfc062723c751e8b465ee728b)
Start importing Assets/Prefab/Player.prefab using Guid(6ed0031dc36a39a4b97c585ce468a1a4) Importer(815301076,1909f56bfc062723c751e8b465ee728b)  -> (artifact id: '51c568e4eb006702ea0e906011de7ce0') in 0.238013 seconds 
  Import took 0.256134 seconds .

========================================================================
Received Import Request.
  Time since last request: 4.089745 seconds.
  path: Assets/Prefab/Player.prefab
  artifactKey: Guid(6ed0031dc36a39a4b97c585ce468a1a4) Importer(815301076,1909f56bfc062723c751e8b465ee728b)
Start importing Assets/Prefab/Player.prefab using Guid(6ed0031dc36a39a4b97c585ce468a1a4) Importer(815301076,1909f56bfc062723c751e8b465ee728b)  -> (artifact id: '8352a43c388ac37735fb2623798faef6') in 0.010138 seconds 
  Import took 0.018429 seconds .

========================================================================
Received Import Request.
  Time since last request: 2.051773 seconds.
  path: Assets/Prefab/Player.prefab
  artifactKey: Guid(6ed0031dc36a39a4b97c585ce468a1a4) Importer(815301076,1909f56bfc062723c751e8b465ee728b)
Start importing Assets/Prefab/Player.prefab using Guid(6ed0031dc36a39a4b97c585ce468a1a4) Importer(815301076,1909f56bfc062723c751e8b465ee728b)  -> (artifact id: 'e0a013d810650199e3b27f2e0a4bbb7b') in 0.014512 seconds 
  Import took 0.042959 seconds .

========================================================================
Received Import Request.
  Time since last request: 2.937797 seconds.
  path: Assets/Prefab/Player.prefab
  artifactKey: Guid(6ed0031dc36a39a4b97c585ce468a1a4) Importer(815301076,1909f56bfc062723c751e8b465ee728b)
Start importing Assets/Prefab/Player.prefab using Guid(6ed0031dc36a39a4b97c585ce468a1a4) Importer(815301076,1909f56bfc062723c751e8b465ee728b)  -> (artifact id: '57523da2494ff69b821c1d963c3d79bf') in 0.009773 seconds 
  Import took 0.018535 seconds .

========================================================================
Received Import Request.
  Time since last request: 5.459806 seconds.
  path: Assets/Prefab/Player.prefab
  artifactKey: Guid(6ed0031dc36a39a4b97c585ce468a1a4) Importer(815301076,1909f56bfc062723c751e8b465ee728b)
Start importing Assets/Prefab/Player.prefab using Guid(6ed0031dc36a39a4b97c585ce468a1a4) Importer(815301076,1909f56bfc062723c751e8b465ee728b)  -> (artifact id: '4c01deef67a52c16613e56c88dee01ab') in 0.017524 seconds 
  Import took 0.033735 seconds .

========================================================================
Received Import Request.
  Time since last request: 4.385276 seconds.
  path: Assets/Prefab/Player.prefab
  artifactKey: Guid(6ed0031dc36a39a4b97c585ce468a1a4) Importer(815301076,1909f56bfc062723c751e8b465ee728b)
Start importing Assets/Prefab/Player.prefab using Guid(6ed0031dc36a39a4b97c585ce468a1a4) Importer(815301076,1909f56bfc062723c751e8b465ee728b)  -> (artifact id: '0be437d1338d36f21f66f08e0756a7c8') in 0.012071 seconds 
  Import took 0.035144 seconds .

========================================================================
Received Import Request.
  Time since last request: 3.607741 seconds.
  path: Assets/Prefab/Player.prefab
  artifactKey: Guid(6ed0031dc36a39a4b97c585ce468a1a4) Importer(815301076,1909f56bfc062723c751e8b465ee728b)
Start importing Assets/Prefab/Player.prefab using Guid(6ed0031dc36a39a4b97c585ce468a1a4) Importer(815301076,1909f56bfc062723c751e8b465ee728b)  -> (artifact id: 'b4dac0f6d4b625d851cac0b0cb9a913f') in 0.010740 seconds 
  Import took 0.013713 seconds .

========================================================================
Received Import Request.
  Time since last request: 3.384299 seconds.
  path: Assets/Prefab/Player.prefab
  artifactKey: Guid(6ed0031dc36a39a4b97c585ce468a1a4) Importer(815301076,1909f56bfc062723c751e8b465ee728b)
Start importing Assets/Prefab/Player.prefab using Guid(6ed0031dc36a39a4b97c585ce468a1a4) Importer(815301076,1909f56bfc062723c751e8b465ee728b)  -> (artifact id: '85fb3984931125e793689b4ca716ad53') in 0.011182 seconds 
  Import took 0.026712 seconds .

========================================================================
Received Import Request.
  Time since last request: 2.993698 seconds.
  path: Assets/Prefab/Player.prefab
  artifactKey: Guid(6ed0031dc36a39a4b97c585ce468a1a4) Importer(815301076,1909f56bfc062723c751e8b465ee728b)
Start importing Assets/Prefab/Player.prefab using Guid(6ed0031dc36a39a4b97c585ce468a1a4) Importer(815301076,1909f56bfc062723c751e8b465ee728b)  -> (artifact id: 'aeb1fa58279e58bcd45bded330ac88fd') in 0.012949 seconds 
  Import took 0.035679 seconds .

========================================================================
Received Import Request.
  Time since last request: 8.218596 seconds.
  path: Assets/Prefab/Player.prefab
  artifactKey: Guid(6ed0031dc36a39a4b97c585ce468a1a4) Importer(815301076,1909f56bfc062723c751e8b465ee728b)
Start importing Assets/Prefab/Player.prefab using Guid(6ed0031dc36a39a4b97c585ce468a1a4) Importer(815301076,1909f56bfc062723c751e8b465ee728b)  -> (artifact id: '43cf5a8d7966a5a619d1d354c6f5f3e7') in 0.010039 seconds 
  Import took 0.012713 seconds .

========================================================================
Received Import Request.
  Time since last request: 3.593364 seconds.
  path: Assets/Prefab/Player.prefab
  artifactKey: Guid(6ed0031dc36a39a4b97c585ce468a1a4) Importer(815301076,1909f56bfc062723c751e8b465ee728b)
Start importing Assets/Prefab/Player.prefab using Guid(6ed0031dc36a39a4b97c585ce468a1a4) Importer(815301076,1909f56bfc062723c751e8b465ee728b)  -> (artifact id: '9d69c61b30ef7a16c59548201bd999d4') in 0.010715 seconds 
  Import took 0.015123 seconds .

========================================================================
Received Import Request.
  Time since last request: 5.829020 seconds.
  path: Assets/Prefab/Player.prefab
  artifactKey: Guid(6ed0031dc36a39a4b97c585ce468a1a4) Importer(815301076,1909f56bfc062723c751e8b465ee728b)
Start importing Assets/Prefab/Player.prefab using Guid(6ed0031dc36a39a4b97c585ce468a1a4) Importer(815301076,1909f56bfc062723c751e8b465ee728b)  -> (artifact id: '83d52cf4de9058079ec077d054afa409') in 0.012354 seconds 
  Import took 0.022824 seconds .

========================================================================
Received Import Request.
  Time since last request: 31.633041 seconds.
  path: Assets/Prefab/Player.prefab
  artifactKey: Guid(6ed0031dc36a39a4b97c585ce468a1a4) Importer(815301076,1909f56bfc062723c751e8b465ee728b)
Start importing Assets/Prefab/Player.prefab using Guid(6ed0031dc36a39a4b97c585ce468a1a4) Importer(815301076,1909f56bfc062723c751e8b465ee728b)  -> (artifact id: 'f22c827d390cd73049274ff290b22656') in 0.024226 seconds 
  Import took 0.049079 seconds .

========================================================================
Received Import Request.
  Time since last request: 367.257688 seconds.
  path: ProjectSettings/TagManager.asset
  artifactKey: Guid(00000000000000003000000000000000) Importer(815301076,1909f56bfc062723c751e8b465ee728b)
Start importing ProjectSettings/TagManager.asset using Guid(00000000000000003000000000000000) Importer(815301076,1909f56bfc062723c751e8b465ee728b)  -> (artifact id: 'a04aaf38f4476931c8cbe4b417257f22') in 0.071864 seconds 
  Import took 0.094308 seconds .

========================================================================
Received Prepare
Registering precompiled user dll's ...
Registered in 0.255297 seconds.
Begin MonoManager ReloadAssembly
Native extension for WindowsStandalone target not found
Native extension for WebGL target not found
Refreshing native plugins compatible for Editor in 0.33 ms, found 2 plugins.
Preloading 0 native plugins for Editor in 0.00 ms.
Mono: successfully reloaded assembly
- Completed reload, in  0.988 seconds
Domain Reload Profiling:
	ReloadAssembly (989ms)
		BeginReloadAssembly (107ms)
			ExecutionOrderSort (0ms)
			DisableScriptedObjects (5ms)
			BackupInstance (0ms)
			ReleaseScriptingObjects (0ms)
			CreateAndSetChildDomain (42ms)
		EndReloadAssembly (829ms)
			LoadAssemblies (78ms)
			RebuildTransferFunctionScriptingTraits (0ms)
			SetupTypeCache (259ms)
			ReleaseScriptCaches (1ms)
			RebuildScriptCaches (37ms)
			SetupLoadedEditorAssemblies (353ms)
				LogAssemblyErrors (0ms)
				InitializePlatformSupportModulesInManaged (6ms)
				SetLoadedEditorAssemblies (1ms)
				RefreshPlugins (0ms)
				BeforeProcessingInitializeOnLoad (66ms)
				ProcessInitializeOnLoadAttributes (274ms)
				ProcessInitializeOnLoadMethodAttributes (4ms)
				AfterProcessingInitializeOnLoad (2ms)
				EditorAssembliesLoaded (0ms)
			ExecutionOrderSort2 (0ms)
			AwakeInstancesAfterBackupRestoration (7ms)
Platform modules already initialized, skipping
Refreshing native plugins compatible for Editor in 0.33 ms, found 2 plugins.
Preloading 0 native plugins for Editor in 0.00 ms.
Unloading 1460 Unused Serialized files (Serialized files now loaded: 0)
System memory in use before: 92.0 MB.
System memory in use after: 92.1 MB.

Unloading 15 unused Assets to reduce memory usage. Loaded Objects now: 1950.
Total: 2.738100 ms (FindLiveObjects: 0.126100 ms CreateObjectMapping: 0.038700 ms MarkObjects: 2.529400 ms  DeleteObjects: 0.042700 ms)

AssetImportParameters requested are different than current active one (requested -> active):
  custom:framework-win-MediaFoundation: 216162199b28c13a410421893ffa2e32 -> 
  custom:video-decoder-ogg-theora: a1e56fd34408186e4bbccfd4996cb3dc -> 
  custom:container-muxer-webm: aa71ff27fc2769a1b78a27578f13a17b -> 
  custom:container-demuxer-webm: 4f35f7cbe854078d1ac9338744f61a02 -> 
  custom:container-demuxer-ogg: 62fdf1f143b41e24485cea50d1cbac27 -> 
  custom:video-encoder-webm-vp8: eb34c28f22e8b96e1ab97ce403110664 -> 
  custom:video-decoder-webm-vp8: 9c59270c3fd7afecdb556c50c9e8de78 -> 
  custom:audio-decoder-ogg-vorbis: bf7c407c2cedff20999df2af8eb42d56 -> 
  custom:audio-encoder-webm-vorbis: bf7c407c2cedff20999df2af8eb42d56 -> 
========================================================================
Received Import Request.
  Time since last request: 356.593065 seconds.
  path: Assets/Prefab/Player.prefab
  artifactKey: Guid(6ed0031dc36a39a4b97c585ce468a1a4) Importer(815301076,1909f56bfc062723c751e8b465ee728b)
Start importing Assets/Prefab/Player.prefab using Guid(6ed0031dc36a39a4b97c585ce468a1a4) Importer(815301076,1909f56bfc062723c751e8b465ee728b)  -> (artifact id: 'b9d80b17df23cbeb5f75f489bc1c5ec0') in 0.345932 seconds 
  Import took 0.410947 seconds .

========================================================================
Received Prepare
Registering precompiled user dll's ...
Registered in 0.002856 seconds.
Begin MonoManager ReloadAssembly
Native extension for WindowsStandalone target not found
Native extension for WebGL target not found
Refreshing native plugins compatible for Editor in 6.30 ms, found 2 plugins.
Preloading 0 native plugins for Editor in 0.00 ms.
Mono: successfully reloaded assembly
- Completed reload, in  1.126 seconds
Domain Reload Profiling:
	ReloadAssembly (1126ms)
		BeginReloadAssembly (111ms)
			ExecutionOrderSort (0ms)
			DisableScriptedObjects (6ms)
			BackupInstance (0ms)
			ReleaseScriptingObjects (0ms)
			CreateAndSetChildDomain (34ms)
		EndReloadAssembly (932ms)
			LoadAssemblies (90ms)
			RebuildTransferFunctionScriptingTraits (0ms)
			SetupTypeCache (308ms)
			ReleaseScriptCaches (1ms)
			RebuildScriptCaches (48ms)
			SetupLoadedEditorAssemblies (376ms)
				LogAssemblyErrors (0ms)
				InitializePlatformSupportModulesInManaged (7ms)
				SetLoadedEditorAssemblies (1ms)
				RefreshPlugins (7ms)
				BeforeProcessingInitializeOnLoad (72ms)
				ProcessInitializeOnLoadAttributes (275ms)
				ProcessInitializeOnLoadMethodAttributes (12ms)
				AfterProcessingInitializeOnLoad (2ms)
				EditorAssembliesLoaded (0ms)
			ExecutionOrderSort2 (0ms)
			AwakeInstancesAfterBackupRestoration (8ms)
Platform modules already initialized, skipping
Refreshing native plugins compatible for Editor in 0.32 ms, found 2 plugins.
Preloading 0 native plugins for Editor in 0.00 ms.
Unloading 1460 Unused Serialized files (Serialized files now loaded: 0)
System memory in use before: 92.0 MB.
System memory in use after: 92.1 MB.

Unloading 14 unused Assets to reduce memory usage. Loaded Objects now: 1953.
Total: 3.340500 ms (FindLiveObjects: 0.146800 ms CreateObjectMapping: 0.046000 ms MarkObjects: 3.119200 ms  DeleteObjects: 0.026900 ms)

AssetImportParameters requested are different than current active one (requested -> active):
  custom:framework-win-MediaFoundation: 216162199b28c13a410421893ffa2e32 -> 
  custom:video-decoder-ogg-theora: a1e56fd34408186e4bbccfd4996cb3dc -> 
  custom:container-muxer-webm: aa71ff27fc2769a1b78a27578f13a17b -> 
  custom:container-demuxer-webm: 4f35f7cbe854078d1ac9338744f61a02 -> 
  custom:container-demuxer-ogg: 62fdf1f143b41e24485cea50d1cbac27 -> 
  custom:video-encoder-webm-vp8: eb34c28f22e8b96e1ab97ce403110664 -> 
  custom:video-decoder-webm-vp8: 9c59270c3fd7afecdb556c50c9e8de78 -> 
  custom:audio-decoder-ogg-vorbis: bf7c407c2cedff20999df2af8eb42d56 -> 
  custom:audio-encoder-webm-vorbis: bf7c407c2cedff20999df2af8eb42d56 -> 
========================================================================
Received Prepare
Refreshing native plugins compatible for Editor in 2.08 ms, found 2 plugins.
Preloading 0 native plugins for Editor in 0.00 ms.
Unloading 11 Unused Serialized files (Serialized files now loaded: 0)
System memory in use before: 63.4 MB.
System memory in use after: 63.5 MB.

Unloading 11 unused Assets to reduce memory usage. Loaded Objects now: 1953.
Total: 4.319900 ms (FindLiveObjects: 0.154800 ms CreateObjectMapping: 0.052000 ms MarkObjects: 4.063700 ms  DeleteObjects: 0.047500 ms)

AssetImportParameters requested are different than current active one (requested -> active):
  custom:framework-win-MediaFoundation: 216162199b28c13a410421893ffa2e32 -> 
  custom:video-decoder-ogg-theora: a1e56fd34408186e4bbccfd4996cb3dc -> 
  custom:container-muxer-webm: aa71ff27fc2769a1b78a27578f13a17b -> 
  custom:container-demuxer-webm: 4f35f7cbe854078d1ac9338744f61a02 -> 
  custom:container-demuxer-ogg: 62fdf1f143b41e24485cea50d1cbac27 -> 
  custom:video-encoder-webm-vp8: eb34c28f22e8b96e1ab97ce403110664 -> 
  custom:video-decoder-webm-vp8: 9c59270c3fd7afecdb556c50c9e8de78 -> 
  custom:audio-decoder-ogg-vorbis: bf7c407c2cedff20999df2af8eb42d56 -> 
  custom:audio-encoder-webm-vorbis: bf7c407c2cedff20999df2af8eb42d56 -> 
========================================================================
Received Prepare
Refreshing native plugins compatible for Editor in 2.11 ms, found 2 plugins.
Preloading 0 native plugins for Editor in 0.00 ms.
Unloading 11 Unused Serialized files (Serialized files now loaded: 0)
System memory in use before: 63.4 MB.
System memory in use after: 63.5 MB.

Unloading 11 unused Assets to reduce memory usage. Loaded Objects now: 1953.
Total: 3.365500 ms (FindLiveObjects: 0.166900 ms CreateObjectMapping: 0.055500 ms MarkObjects: 3.126400 ms  DeleteObjects: 0.015300 ms)

AssetImportParameters requested are different than current active one (requested -> active):
  custom:framework-win-MediaFoundation: 216162199b28c13a410421893ffa2e32 -> 
  custom:video-decoder-ogg-theora: a1e56fd34408186e4bbccfd4996cb3dc -> 
  custom:container-muxer-webm: aa71ff27fc2769a1b78a27578f13a17b -> 
  custom:container-demuxer-webm: 4f35f7cbe854078d1ac9338744f61a02 -> 
  custom:container-demuxer-ogg: 62fdf1f143b41e24485cea50d1cbac27 -> 
  custom:video-encoder-webm-vp8: eb34c28f22e8b96e1ab97ce403110664 -> 
  custom:video-decoder-webm-vp8: 9c59270c3fd7afecdb556c50c9e8de78 -> 
  custom:audio-decoder-ogg-vorbis: bf7c407c2cedff20999df2af8eb42d56 -> 
  custom:audio-encoder-webm-vorbis: bf7c407c2cedff20999df2af8eb42d56 -> 
========================================================================
Received Import Request.
  Time since last request: 1205.494294 seconds.
  path: Assets/Material/New Material 1.mat
  artifactKey: Guid(5db4404efc9c9524a998c498fcc30741) Importer(815301076,1909f56bfc062723c751e8b465ee728b)
Start importing Assets/Material/New Material 1.mat using Guid(5db4404efc9c9524a998c498fcc30741) Importer(815301076,1909f56bfc062723c751e8b465ee728b)  -> (artifact id: 'bb7a2863f2053de55b9ebdfe37cac090') in 1.371144 seconds 
  Import took 1.394404 seconds .

========================================================================
Received Import Request.
  Time since last request: 7.797982 seconds.
  path: Assets/Material/WheelColor.mat
  artifactKey: Guid(5db4404efc9c9524a998c498fcc30741) Importer(815301076,1909f56bfc062723c751e8b465ee728b)
Start importing Assets/Material/WheelColor.mat using Guid(5db4404efc9c9524a998c498fcc30741) Importer(815301076,1909f56bfc062723c751e8b465ee728b)  -> (artifact id: '236c1164bc71625c79b0ee887f0b0b79') in 0.043507 seconds 
  Import took 0.064741 seconds .

========================================================================
Received Import Request.
  Time since last request: 53.972269 seconds.
  path: Assets/Material/WheelColor.mat
  artifactKey: Guid(5db4404efc9c9524a998c498fcc30741) Importer(815301076,1909f56bfc062723c751e8b465ee728b)
Start importing Assets/Material/WheelColor.mat using Guid(5db4404efc9c9524a998c498fcc30741) Importer(815301076,1909f56bfc062723c751e8b465ee728b)  -> (artifact id: '022e4bbe83d056adcc38394c5d16ee26') in 0.023717 seconds 
  Import took 0.036883 seconds .

========================================================================
Received Prepare
Registering precompiled user dll's ...
Registered in 0.142564 seconds.
Begin MonoManager ReloadAssembly
Native extension for WindowsStandalone target not found
Native extension for WebGL target not found
Refreshing native plugins compatible for Editor in 0.33 ms, found 2 plugins.
Preloading 0 native plugins for Editor in 0.00 ms.
Mono: successfully reloaded assembly
- Completed reload, in  0.963 seconds
Domain Reload Profiling:
	ReloadAssembly (963ms)
		BeginReloadAssembly (101ms)
			ExecutionOrderSort (0ms)
			DisableScriptedObjects (6ms)
			BackupInstance (0ms)
			ReleaseScriptingObjects (0ms)
			CreateAndSetChildDomain (34ms)
		EndReloadAssembly (809ms)
			LoadAssemblies (78ms)
			RebuildTransferFunctionScriptingTraits (0ms)
			SetupTypeCache (286ms)
			ReleaseScriptCaches (1ms)
			RebuildScriptCaches (35ms)
			SetupLoadedEditorAssemblies (321ms)
				LogAssemblyErrors (0ms)
				InitializePlatformSupportModulesInManaged (5ms)
				SetLoadedEditorAssemblies (0ms)
				RefreshPlugins (0ms)
				BeforeProcessingInitializeOnLoad (59ms)
				ProcessInitializeOnLoadAttributes (250ms)
				ProcessInitializeOnLoadMethodAttributes (3ms)
				AfterProcessingInitializeOnLoad (2ms)
				EditorAssembliesLoaded (0ms)
			ExecutionOrderSort2 (0ms)
			AwakeInstancesAfterBackupRestoration (6ms)
Platform modules already initialized, skipping
Refreshing native plugins compatible for Editor in 0.34 ms, found 2 plugins.
Preloading 0 native plugins for Editor in 0.00 ms.
Unloading 1460 Unused Serialized files (Serialized files now loaded: 0)
System memory in use before: 92.3 MB.
System memory in use after: 92.4 MB.

Unloading 13 unused Assets to reduce memory usage. Loaded Objects now: 1989.
Total: 2.697200 ms (FindLiveObjects: 0.132800 ms CreateObjectMapping: 0.040400 ms MarkObjects: 2.496400 ms  DeleteObjects: 0.026500 ms)

AssetImportParameters requested are different than current active one (requested -> active):
  custom:framework-win-MediaFoundation: 216162199b28c13a410421893ffa2e32 -> 
  custom:video-decoder-ogg-theora: a1e56fd34408186e4bbccfd4996cb3dc -> 
  custom:container-muxer-webm: aa71ff27fc2769a1b78a27578f13a17b -> 
  custom:container-demuxer-webm: 4f35f7cbe854078d1ac9338744f61a02 -> 
  custom:container-demuxer-ogg: 62fdf1f143b41e24485cea50d1cbac27 -> 
  custom:video-encoder-webm-vp8: eb34c28f22e8b96e1ab97ce403110664 -> 
  custom:video-decoder-webm-vp8: 9c59270c3fd7afecdb556c50c9e8de78 -> 
  custom:audio-decoder-ogg-vorbis: bf7c407c2cedff20999df2af8eb42d56 -> 
  custom:audio-encoder-webm-vorbis: bf7c407c2cedff20999df2af8eb42d56 -> 
========================================================================
Received Import Request.
  Time since last request: 175.114652 seconds.
  path: Assets/Prefab/Bullet.prefab
  artifactKey: Guid(d99320d06667cff468d14609cf093c29) Importer(815301076,1909f56bfc062723c751e8b465ee728b)
Start importing Assets/Prefab/Bullet.prefab using Guid(d99320d06667cff468d14609cf093c29) Importer(815301076,1909f56bfc062723c751e8b465ee728b)  -> (artifact id: '8051f8b55b832e344061dde53ea2b088') in 0.121333 seconds 
  Import took 0.142538 seconds .

========================================================================
Received Import Request.
  Time since last request: 0.000247 seconds.
  path: Assets/Prefab/Enemy.prefab
  artifactKey: Guid(23a8b179b5235254fb1b5a0c2ec67b5e) Importer(815301076,1909f56bfc062723c751e8b465ee728b)
Start importing Assets/Prefab/Enemy.prefab using Guid(23a8b179b5235254fb1b5a0c2ec67b5e) Importer(815301076,1909f56bfc062723c751e8b465ee728b)  -> (artifact id: '417a3505fe17bfd0b3c3c7957903ce6d') in 0.135068 seconds 
  Import took 0.152465 seconds .

========================================================================
Received Import Request.
  Time since last request: 2.285825 seconds.
  path: Assets/Prefab/Bullet.prefab
  artifactKey: Guid(d99320d06667cff468d14609cf093c29) Importer(815301076,1909f56bfc062723c751e8b465ee728b)
Start importing Assets/Prefab/Bullet.prefab using Guid(d99320d06667cff468d14609cf093c29) Importer(815301076,1909f56bfc062723c751e8b465ee728b)  -> (artifact id: '2b743c527491253515f0e536ac6bd7c7') in 0.008401 seconds 
  Import took 0.035037 seconds .

========================================================================
Received Prepare
Refreshing native plugins compatible for Editor in 2.24 ms, found 2 plugins.
Preloading 0 native plugins for Editor in 0.00 ms.
Unloading 11 Unused Serialized files (Serialized files now loaded: 0)
System memory in use before: 65.3 MB.
System memory in use after: 65.4 MB.

Unloading 12 unused Assets to reduce memory usage. Loaded Objects now: 1990.
Total: 3.802900 ms (FindLiveObjects: 0.210800 ms CreateObjectMapping: 0.059000 ms MarkObjects: 3.507100 ms  DeleteObjects: 0.024500 ms)

AssetImportParameters requested are different than current active one (requested -> active):
  custom:framework-win-MediaFoundation: 216162199b28c13a410421893ffa2e32 -> 
  custom:video-decoder-ogg-theora: a1e56fd34408186e4bbccfd4996cb3dc -> 
  custom:container-muxer-webm: aa71ff27fc2769a1b78a27578f13a17b -> 
  custom:container-demuxer-webm: 4f35f7cbe854078d1ac9338744f61a02 -> 
  custom:container-demuxer-ogg: 62fdf1f143b41e24485cea50d1cbac27 -> 
  custom:video-encoder-webm-vp8: eb34c28f22e8b96e1ab97ce403110664 -> 
  custom:video-decoder-webm-vp8: 9c59270c3fd7afecdb556c50c9e8de78 -> 
  custom:audio-decoder-ogg-vorbis: bf7c407c2cedff20999df2af8eb42d56 -> 
  custom:audio-encoder-webm-vorbis: bf7c407c2cedff20999df2af8eb42d56 -> 
========================================================================
Received Import Request.
  Time since last request: 528.673694 seconds.
  path: Assets/Prefab/Bullet.prefab
  artifactKey: Guid(d99320d06667cff468d14609cf093c29) Importer(815301076,1909f56bfc062723c751e8b465ee728b)
Start importing Assets/Prefab/Bullet.prefab using Guid(d99320d06667cff468d14609cf093c29) Importer(815301076,1909f56bfc062723c751e8b465ee728b)  -> (artifact id: '6a8a2b30c64e7645190c3882c13dfbc7') in 0.016606 seconds 
  Import took 0.171708 seconds .

========================================================================
Received Import Request.
  Time since last request: 13.538134 seconds.
  path: Assets/Prefab/SuperEnemy.prefab
  artifactKey: Guid(d2431f4588b66344aa269b83238a8579) Importer(815301076,1909f56bfc062723c751e8b465ee728b)
Start importing Assets/Prefab/SuperEnemy.prefab using Guid(d2431f4588b66344aa269b83238a8579) Importer(815301076,1909f56bfc062723c751e8b465ee728b)  -> (artifact id: 'b959c0651c885c284f1d00ba962b3545') in 0.074722 seconds 
  Import took 0.077466 seconds .

========================================================================
Received Import Request.
  Time since last request: 41.055821 seconds.
  path: Assets/Prefab/SuperEnemy.prefab
  artifactKey: Guid(d2431f4588b66344aa269b83238a8579) Importer(815301076,1909f56bfc062723c751e8b465ee728b)
Start importing Assets/Prefab/SuperEnemy.prefab using Guid(d2431f4588b66344aa269b83238a8579) Importer(815301076,1909f56bfc062723c751e8b465ee728b) The Animator Controller (SuperEnemy) you have used is not valid. Animations will not play
UnityEngine.StackTraceUtility:ExtractStackTrace ()
UnityEditor.EditorUtility:Internal_InstantiateRemoveAllNonAnimationComponentsSingle (UnityEngine.Object,UnityEngine.Vector3,UnityEngine.Quaternion)
UnityEditor.EditorUtility:InstantiateRemoveAllNonAnimationComponents (UnityEngine.Object,UnityEngine.Vector3,UnityEngine.Quaternion)
UnityEditor.EditorUtility:InstantiateForAnimatorPreview (UnityEngine.Object)
UnityEditor.GameObjectInspector/PreviewData:UpdateGameObject (UnityEngine.Object)
UnityEditor.GameObjectInspector/PreviewData:.ctor (UnityEngine.Object)
UnityEditor.GameObjectInspector:GetPreviewData ()
UnityEditor.GameObjectInspector:RenderStaticPreview (string,UnityEngine.Object[],int,int)
UnityEditor.AssetPreviewUpdater:CreatePreviewForAsset (UnityEngine.Object,UnityEngine.Object[],string)

[C:\buildslave\unity\build\Modules/Animation/Director/AnimatorControllerPlayable.cpp line 333]

The Animator Controller (SuperEnemy) you have used is not valid. Animations will not play
UnityEngine.StackTraceUtility:ExtractStackTrace ()
UnityEditor.EditorUtility:InitInstantiatedPreviewRecursive (UnityEngine.GameObject)
UnityEditor.EditorUtility:InstantiateForAnimatorPreview (UnityEngine.Object)
UnityEditor.GameObjectInspector/PreviewData:UpdateGameObject (UnityEngine.Object)
UnityEditor.GameObjectInspector/PreviewData:.ctor (UnityEngine.Object)
UnityEditor.GameObjectInspector:GetPreviewData ()
UnityEditor.GameObjectInspector:RenderStaticPreview (string,UnityEngine.Object[],int,int)
UnityEditor.AssetPreviewUpdater:CreatePreviewForAsset (UnityEngine.Object,UnityEngine.Object[],string)

[C:\buildslave\unity\build\Modules/Animation/Director/AnimatorControllerPlayable.cpp line 333]

 -> (artifact id: '84842bc49ba93c45042b1cb3cb16e8b4') in 0.012600 seconds 
  Import took 0.015444 seconds .

========================================================================
Received Import Request.
  Time since last request: 212.363758 seconds.
  path: Assets/Prefab/SuperEnemy.prefab
  artifactKey: Guid(d2431f4588b66344aa269b83238a8579) Importer(815301076,1909f56bfc062723c751e8b465ee728b)
Start importing Assets/Prefab/SuperEnemy.prefab using Guid(d2431f4588b66344aa269b83238a8579) Importer(815301076,1909f56bfc062723c751e8b465ee728b)  -> (artifact id: 'e46b92935facad09b6a5483bc087995c') in 0.018983 seconds 
  Import took 0.022176 seconds .

========================================================================
Received Prepare
Refreshing native plugins compatible for Editor in 2.07 ms, found 2 plugins.
Preloading 0 native plugins for Editor in 0.00 ms.
Unloading 11 Unused Serialized files (Serialized files now loaded: 0)
System memory in use before: 66.4 MB.
System memory in use after: 66.5 MB.

Unloading 11 unused Assets to reduce memory usage. Loaded Objects now: 1990.
Total: 3.684800 ms (FindLiveObjects: 0.142200 ms CreateObjectMapping: 0.047900 ms MarkObjects: 3.477400 ms  DeleteObjects: 0.016200 ms)

AssetImportParameters requested are different than current active one (requested -> active):
  custom:framework-win-MediaFoundation: 216162199b28c13a410421893ffa2e32 -> 
  custom:video-decoder-ogg-theora: a1e56fd34408186e4bbccfd4996cb3dc -> 
  custom:container-muxer-webm: aa71ff27fc2769a1b78a27578f13a17b -> 
  custom:container-demuxer-webm: 4f35f7cbe854078d1ac9338744f61a02 -> 
  custom:container-demuxer-ogg: 62fdf1f143b41e24485cea50d1cbac27 -> 
  custom:video-encoder-webm-vp8: eb34c28f22e8b96e1ab97ce403110664 -> 
  custom:video-decoder-webm-vp8: 9c59270c3fd7afecdb556c50c9e8de78 -> 
  custom:audio-decoder-ogg-vorbis: bf7c407c2cedff20999df2af8eb42d56 -> 
  custom:audio-encoder-webm-vorbis: bf7c407c2cedff20999df2af8eb42d56 -> 
